<?xml version="1.0" encoding="UTF-8"?>
<!-- Generated by org.testng.reporters.JUnitXMLReporter -->
<testsuite ignored="3" hostname="DESKTOP-06HNB08" failures="0" tests="1" name="Default test" time="34.454" errors="0" timestamp="2022-06-09T14:43:50 IST">
  <testcase classname="com.test.testcases.TC01_Television" name="loginAndLogout" time="26.492"/>
  <testcase classname="com.test.common.ParentMethods" name="@AfterTest afterTest" time="0.0">
    <ignored/>
  </testcase> <!-- @AfterTest afterTest -->
  <testcase classname="com.test.common.ParentMethods" name="@BeforeSuite beforeSuite" time="0.0">
    <ignored/>
  </testcase> <!-- @BeforeSuite beforeSuite -->
  <testcase classname="com.test.common.ParentMethods" name="@AfterSuite afterSuite" time="0.0">
    <ignored/>
  </testcase> <!-- @AfterSuite afterSuite -->
</testsuite> <!-- Default test -->
