<?xml version="1.0" encoding="UTF-8"?>
<testng-results ignored="0" total="1" passed="1" failed="0" skipped="0">
  <reporter-output>
  </reporter-output>
  <suite started-at="2022-06-09T07:37:38 IST" name="Suite" finished-at="2022-06-09T07:38:00 IST" duration-ms="22134">
    <groups>
    </groups>
    <test started-at="2022-06-09T07:37:38 IST" name="Test" finished-at="2022-06-09T07:38:00 IST" duration-ms="22134">
      <class name="com.test.testcases.TC01_Television">
        <test-method is-config="true" signature="beforeSuite()[pri:0, instance:com.test.testcases.TC01_Television@36916eb0]" started-at="2022-06-09T07:37:38 IST" name="beforeSuite" finished-at="2022-06-09T07:37:38 IST" duration-ms="484" status="PASS">
          <reporter-output>
          </reporter-output>
        </test-method> <!-- beforeSuite -->
        <test-method is-config="true" signature="setData()[pri:0, instance:com.test.testcases.TC01_Television@36916eb0]" started-at="2022-06-09T07:37:38 IST" name="setData" finished-at="2022-06-09T07:37:38 IST" duration-ms="1" status="PASS">
          <reporter-output>
          </reporter-output>
        </test-method> <!-- setData -->
        <test-method is-config="true" signature="beforeClass()[pri:0, instance:com.test.testcases.TC01_Television@36916eb0]" started-at="2022-06-09T07:37:38 IST" name="beforeClass" finished-at="2022-06-09T07:37:38 IST" duration-ms="3" status="PASS">
          <reporter-output>
          </reporter-output>
        </test-method> <!-- beforeClass -->
        <test-method is-config="true" signature="beforeMethod()[pri:0, instance:com.test.testcases.TC01_Television@36916eb0]" started-at="2022-06-09T07:37:38 IST" name="beforeMethod" finished-at="2022-06-09T07:37:46 IST" duration-ms="7924" status="PASS">
          <reporter-output>
          </reporter-output>
        </test-method> <!-- beforeMethod -->
        <test-method signature="loginAndLogout()[pri:0, instance:com.test.testcases.TC01_Television@36916eb0]" started-at="2022-06-09T07:37:46 IST" name="loginAndLogout" finished-at="2022-06-09T07:38:00 IST" duration-ms="14121" status="PASS">
          <reporter-output>
          </reporter-output>
        </test-method> <!-- loginAndLogout -->
        <test-method is-config="true" signature="afterMethod()[pri:0, instance:com.test.testcases.TC01_Television@36916eb0]" started-at="2022-06-09T07:38:00 IST" name="afterMethod" finished-at="2022-06-09T07:38:00 IST" duration-ms="1" status="PASS">
          <reporter-output>
          </reporter-output>
        </test-method> <!-- afterMethod -->
        <test-method is-config="true" signature="afterTest()[pri:0, instance:com.test.testcases.TC01_Television@36916eb0]" started-at="2022-06-09T07:38:00 IST" name="afterTest" finished-at="2022-06-09T07:38:00 IST" duration-ms="0" status="PASS">
          <reporter-output>
          </reporter-output>
        </test-method> <!-- afterTest -->
        <test-method is-config="true" signature="afterSuite()[pri:0, instance:com.test.testcases.TC01_Television@36916eb0]" started-at="2022-06-09T07:38:00 IST" name="afterSuite" finished-at="2022-06-09T07:38:01 IST" duration-ms="568" status="PASS">
          <reporter-output>
          </reporter-output>
        </test-method> <!-- afterSuite -->
      </class> <!-- com.test.testcases.TC01_Television -->
    </test> <!-- Test -->
  </suite> <!-- Suite -->
</testng-results>
