<?xml version="1.0" encoding="UTF-8"?>
<testng-results ignored="0" total="1" passed="1" failed="0" skipped="0">
  <reporter-output>
  </reporter-output>
  <suite started-at="2022-06-09T17:22:35 IST" name="Suite" finished-at="2022-06-09T17:22:59 IST" duration-ms="24880">
    <groups>
    </groups>
    <test started-at="2022-06-09T17:22:35 IST" name="Test" finished-at="2022-06-09T17:22:59 IST" duration-ms="24880">
      <class name="com.test.testcases.TC01_Television">
        <test-method is-config="true" signature="beforeSuite()[pri:0, instance:com.test.testcases.TC01_Television@4879f0f2]" started-at="2022-06-09T17:22:34 IST" name="beforeSuite" finished-at="2022-06-09T17:22:35 IST" duration-ms="254" status="PASS">
          <reporter-output>
          </reporter-output>
        </test-method> <!-- beforeSuite -->
        <test-method is-config="true" signature="setData()[pri:0, instance:com.test.testcases.TC01_Television@4879f0f2]" started-at="2022-06-09T17:22:35 IST" name="setData" finished-at="2022-06-09T17:22:35 IST" duration-ms="1" status="PASS">
          <reporter-output>
          </reporter-output>
        </test-method> <!-- setData -->
        <test-method is-config="true" signature="beforeClass()[pri:0, instance:com.test.testcases.TC01_Television@4879f0f2]" started-at="2022-06-09T17:22:35 IST" name="beforeClass" finished-at="2022-06-09T17:22:35 IST" duration-ms="3" status="PASS">
          <reporter-output>
          </reporter-output>
        </test-method> <!-- beforeClass -->
        <test-method is-config="true" signature="beforeMethod()[pri:0, instance:com.test.testcases.TC01_Television@4879f0f2]" started-at="2022-06-09T17:22:35 IST" name="beforeMethod" finished-at="2022-06-09T17:22:41 IST" duration-ms="6641" status="PASS">
          <reporter-output>
          </reporter-output>
        </test-method> <!-- beforeMethod -->
        <test-method signature="validateamzaonapplication()[pri:0, instance:com.test.testcases.TC01_Television@4879f0f2]" started-at="2022-06-09T17:22:41 IST" name="validateamzaonapplication" finished-at="2022-06-09T17:22:59 IST" duration-ms="17563" status="PASS">
          <reporter-output>
          </reporter-output>
        </test-method> <!-- validateamzaonapplication -->
        <test-method is-config="true" signature="afterMethod()[pri:0, instance:com.test.testcases.TC01_Television@4879f0f2]" started-at="2022-06-09T17:22:59 IST" name="afterMethod" finished-at="2022-06-09T17:22:59 IST" duration-ms="621" status="PASS">
          <reporter-output>
          </reporter-output>
        </test-method> <!-- afterMethod -->
        <test-method is-config="true" signature="afterTest()[pri:0, instance:com.test.testcases.TC01_Television@4879f0f2]" started-at="2022-06-09T17:22:59 IST" name="afterTest" finished-at="2022-06-09T17:22:59 IST" duration-ms="0" status="PASS">
          <reporter-output>
          </reporter-output>
        </test-method> <!-- afterTest -->
        <test-method is-config="true" signature="afterSuite()[pri:0, instance:com.test.testcases.TC01_Television@4879f0f2]" started-at="2022-06-09T17:22:59 IST" name="afterSuite" finished-at="2022-06-09T17:23:00 IST" duration-ms="736" status="PASS">
          <reporter-output>
          </reporter-output>
        </test-method> <!-- afterSuite -->
      </class> <!-- com.test.testcases.TC01_Television -->
    </test> <!-- Test -->
  </suite> <!-- Suite -->
</testng-results>
